<?xml version="1.0" encoding="UTF-8"?>
<!-- Generated by org.testng.reporters.JUnitReportReporter -->
<testsuite hostname="DESKTOP-ESBTML5" failures="0" tests="3" name="DynamicJson" time="2.741" errors="0" timestamp="2023-12-25T00:52:10 IST" skipped="0">
  <testcase classname="DynamicJson" name="Addbook" time="0.170"/>
  <testcase classname="DynamicJson" name="Addbook" time="0.156"/>
  <testcase classname="DynamicJson" name="Addbook" time="2.415"/>
</testsuite> <!-- DynamicJson -->
